2015-09-01 15:26:54 EDT [127082]: [1-1] user=,db=,app=,client= LOG:  database system was shut down at 2015-09-01 15:26:54 EDT
2015-09-01 15:26:54 EDT [127082]: [2-1] user=,db=,app=,client= LOG:  MultiXact member wraparound protections are now enabled
2015-09-01 15:26:54 EDT [127081]: [1-1] user=,db=,app=,client= LOG:  database system is ready to accept connections
2015-09-01 15:26:54 EDT [127086]: [1-1] user=,db=,app=,client= LOG:  autovacuum launcher started
2015-09-01 15:26:55 EDT [127083]: [1-1] user=,db=,app=,client= LOG:  checkpoint starting: immediate force wait flush-all
2015-09-01 15:26:55 EDT [127083]: [2-1] user=,db=,app=,client= LOG:  checkpoint complete: wrote 3 buffers (0.0%); 0 transaction log file(s) added, 0 removed, 0 recycled; write=0.025 s, sync=0.001 s, total=0.029 s; sync files=3, longest=0.000 s, average=0.000 s; distance=1 kB, estimate=1 kB
2015-09-01 15:26:55 EDT [127083]: [3-1] user=,db=,app=,client= LOG:  checkpoint starting: immediate force wait
2015-09-01 15:26:55 EDT [127083]: [4-1] user=,db=,app=,client= LOG:  checkpoint complete: wrote 0 buffers (0.0%); 0 transaction log file(s) added, 0 removed, 0 recycled; write=0.010 s, sync=0.000 s, total=0.012 s; sync files=0, longest=0.000 s, average=0.000 s; distance=0 kB, estimate=1 kB
2015-09-01 15:28:12 EDT [127292]: [1-1] user=mark,db=dbt3,app=psql,client=[local] LOG:  process 127292 still waiting for ShareLock on relation 16490 of database 16384 after 1000.109 ms
2015-09-01 15:28:12 EDT [127292]: [2-1] user=mark,db=dbt3,app=psql,client=[local] DETAIL:  Processes holding the lock: 127289, 127291. Wait queue: 127290, 127293, 127292.
2015-09-01 15:28:12 EDT [127292]: [3-1] user=mark,db=dbt3,app=psql,client=[local] STATEMENT:  
	CREATE INDEX customer_c_phone_idx
	ON customer (substr(c_phone::text, 1, 2), c_acctbal);
2015-09-01 15:28:12 EDT [127290]: [1-1] user=mark,db=dbt3,app=psql,client=[local] LOG:  process 127290 still waiting for AccessExclusiveLock on relation 16490 of database 16384 after 1000.124 ms
2015-09-01 15:28:12 EDT [127290]: [2-1] user=mark,db=dbt3,app=psql,client=[local] DETAIL:  Processes holding the lock: 127289, 127291. Wait queue: 127290, 127293, 127292.
2015-09-01 15:28:12 EDT [127290]: [3-1] user=mark,db=dbt3,app=psql,client=[local] STATEMENT:  
	ALTER TABLE customer
	ADD CONSTRAINT pk_customer PRIMARY KEY (c_custkey) ;
2015-09-01 15:28:12 EDT [127293]: [1-1] user=mark,db=dbt3,app=psql,client=[local] LOG:  process 127293 still waiting for ShareLock on relation 16490 of database 16384 after 1000.135 ms
2015-09-01 15:28:12 EDT [127293]: [2-1] user=mark,db=dbt3,app=psql,client=[local] DETAIL:  Processes holding the lock: 127289, 127291. Wait queue: 127290, 127293, 127292.
2015-09-01 15:28:12 EDT [127293]: [3-1] user=mark,db=dbt3,app=psql,client=[local] STATEMENT:  
	CREATE INDEX customer_c_mktsegment_c_custkey_idx
	ON customer (c_mktsegment, c_custkey);
2015-09-01 15:28:28 EDT [127303]: [1-1] user=mark,db=dbt3,app=psql,client=[local] LOG:  process 127303 still waiting for ShareLock on relation 16484 of database 16384 after 1000.126 ms
2015-09-01 15:28:28 EDT [127303]: [2-1] user=mark,db=dbt3,app=psql,client=[local] DETAIL:  Process holding the lock: 127305. Wait queue: 127303, 127304, 127306, 127307.
2015-09-01 15:28:28 EDT [127303]: [3-1] user=mark,db=dbt3,app=psql,client=[local] STATEMENT:  
	CREATE INDEX part_p_type_p_partkey_idx
	ON part(p_type, p_partkey);
2015-09-01 15:28:28 EDT [127304]: [1-1] user=mark,db=dbt3,app=psql,client=[local] LOG:  process 127304 still waiting for ShareLock on relation 16484 of database 16384 after 1000.110 ms
2015-09-01 15:28:28 EDT [127304]: [2-1] user=mark,db=dbt3,app=psql,client=[local] DETAIL:  Process holding the lock: 127305. Wait queue: 127303, 127304, 127306, 127307.
2015-09-01 15:28:28 EDT [127304]: [3-1] user=mark,db=dbt3,app=psql,client=[local] STATEMENT:  
	CREATE INDEX part_p_container_p_brand_p_partkey_idx
	ON part(p_container, p_brand, p_partkey);
2015-09-01 15:28:28 EDT [127306]: [1-1] user=mark,db=dbt3,app=psql,client=[local] LOG:  process 127306 still waiting for ShareLock on relation 16484 of database 16384 after 1000.105 ms
2015-09-01 15:28:28 EDT [127306]: [2-1] user=mark,db=dbt3,app=psql,client=[local] DETAIL:  Process holding the lock: 127305. Wait queue: 127303, 127304, 127306, 127307.
2015-09-01 15:28:28 EDT [127306]: [3-1] user=mark,db=dbt3,app=psql,client=[local] STATEMENT:  
	CREATE INDEX part_p_size_idx
	ON part(p_size);
2015-09-01 15:28:28 EDT [127307]: [1-1] user=mark,db=dbt3,app=psql,client=[local] LOG:  process 127307 still waiting for ShareLock on relation 16484 of database 16384 after 1000.110 ms
2015-09-01 15:28:28 EDT [127307]: [2-1] user=mark,db=dbt3,app=psql,client=[local] DETAIL:  Process holding the lock: 127305. Wait queue: 127303, 127304, 127306, 127307.
2015-09-01 15:28:28 EDT [127307]: [3-1] user=mark,db=dbt3,app=psql,client=[local] STATEMENT:  
	CREATE INDEX part_p_name_idx
	ON part(p_name);
2015-09-01 15:28:42 EDT [127304]: [4-1] user=mark,db=dbt3,app=psql,client=[local] LOG:  process 127304 acquired ShareLock on relation 16484 of database 16384 after 15627.246 ms
2015-09-01 15:28:42 EDT [127304]: [5-1] user=mark,db=dbt3,app=psql,client=[local] STATEMENT:  
	CREATE INDEX part_p_container_p_brand_p_partkey_idx
	ON part(p_container, p_brand, p_partkey);
2015-09-01 15:28:42 EDT [127303]: [4-1] user=mark,db=dbt3,app=psql,client=[local] LOG:  process 127303 acquired ShareLock on relation 16484 of database 16384 after 15627.284 ms
2015-09-01 15:28:42 EDT [127303]: [5-1] user=mark,db=dbt3,app=psql,client=[local] STATEMENT:  
	CREATE INDEX part_p_type_p_partkey_idx
	ON part(p_type, p_partkey);
2015-09-01 15:28:42 EDT [127306]: [4-1] user=mark,db=dbt3,app=psql,client=[local] LOG:  process 127306 acquired ShareLock on relation 16484 of database 16384 after 15627.106 ms
2015-09-01 15:28:42 EDT [127306]: [5-1] user=mark,db=dbt3,app=psql,client=[local] STATEMENT:  
	CREATE INDEX part_p_size_idx
	ON part(p_size);
2015-09-01 15:28:42 EDT [127307]: [4-1] user=mark,db=dbt3,app=psql,client=[local] LOG:  process 127307 acquired ShareLock on relation 16484 of database 16384 after 15626.862 ms
2015-09-01 15:28:42 EDT [127307]: [5-1] user=mark,db=dbt3,app=psql,client=[local] STATEMENT:  
	CREATE INDEX part_p_name_idx
	ON part(p_name);
2015-09-01 15:28:43 EDT [127290]: [4-1] user=mark,db=dbt3,app=psql,client=[local] LOG:  process 127290 acquired AccessExclusiveLock on relation 16490 of database 16384 after 31969.729 ms
2015-09-01 15:28:43 EDT [127290]: [5-1] user=mark,db=dbt3,app=psql,client=[local] STATEMENT:  
	ALTER TABLE customer
	ADD CONSTRAINT pk_customer PRIMARY KEY (c_custkey) ;
2015-09-01 15:28:57 EDT [127292]: [4-1] user=mark,db=dbt3,app=psql,client=[local] LOG:  process 127292 acquired ShareLock on relation 16490 of database 16384 after 46074.122 ms
2015-09-01 15:28:57 EDT [127292]: [5-1] user=mark,db=dbt3,app=psql,client=[local] STATEMENT:  
	CREATE INDEX customer_c_phone_idx
	ON customer (substr(c_phone::text, 1, 2), c_acctbal);
2015-09-01 15:28:57 EDT [127293]: [4-1] user=mark,db=dbt3,app=psql,client=[local] LOG:  process 127293 acquired ShareLock on relation 16490 of database 16384 after 46074.132 ms
2015-09-01 15:28:57 EDT [127293]: [5-1] user=mark,db=dbt3,app=psql,client=[local] STATEMENT:  
	CREATE INDEX customer_c_mktsegment_c_custkey_idx
	ON customer (c_mktsegment, c_custkey);
2015-09-01 15:31:43 EDT [127386]: [1-1] user=mark,db=dbt3,app=psql,client=[local] LOG:  process 127386 still waiting for ShareLock on relation 16487 of database 16384 after 1000.124 ms
2015-09-01 15:31:43 EDT [127386]: [2-1] user=mark,db=dbt3,app=psql,client=[local] DETAIL:  Process holding the lock: 127385. Wait queue: 127386.
2015-09-01 15:31:43 EDT [127386]: [3-1] user=mark,db=dbt3,app=psql,client=[local] STATEMENT:  
	CREATE INDEX partsupp_ps_suppkey_idx
	ON partsupp (ps_suppkey) ;
2015-09-01 15:31:55 EDT [127083]: [5-1] user=,db=,app=,client= LOG:  checkpoint starting: time
2015-09-01 15:32:52 EDT [127386]: [4-1] user=mark,db=dbt3,app=psql,client=[local] LOG:  process 127386 acquired ShareLock on relation 16487 of database 16384 after 70594.724 ms
2015-09-01 15:32:52 EDT [127386]: [5-1] user=mark,db=dbt3,app=psql,client=[local] STATEMENT:  
	CREATE INDEX partsupp_ps_suppkey_idx
	ON partsupp (ps_suppkey) ;
2015-09-01 15:34:08 EDT [127083]: [6-1] user=,db=,app=,client= LOG:  checkpoint complete: wrote 30433 buffers (2.9%); 0 transaction log file(s) added, 0 removed, 0 recycled; write=131.503 s, sync=1.398 s, total=133.612 s; sync files=145, longest=0.722 s, average=0.009 s; distance=33497423 kB, estimate=33497423 kB
2015-09-01 15:36:25 EDT [127583]: [1-1] user=mark,db=dbt3,app=psql,client=[local] LOG:  process 127583 still waiting for ShareLock on relation 16493 of database 16384 after 1000.109 ms
2015-09-01 15:36:25 EDT [127583]: [2-1] user=mark,db=dbt3,app=psql,client=[local] DETAIL:  Process holding the lock: 127584. Wait queue: 127585, 127583.
2015-09-01 15:36:25 EDT [127583]: [3-1] user=mark,db=dbt3,app=psql,client=[local] STATEMENT:  
	CREATE INDEX orders_o_orderdate_o_orderkey_idx
	ON orders (o_orderdate, o_orderkey);
2015-09-01 15:36:25 EDT [127585]: [1-1] user=mark,db=dbt3,app=psql,client=[local] LOG:  process 127585 still waiting for AccessExclusiveLock on relation 16493 of database 16384 after 1000.126 ms
2015-09-01 15:36:25 EDT [127585]: [2-1] user=mark,db=dbt3,app=psql,client=[local] DETAIL:  Process holding the lock: 127584. Wait queue: 127585, 127583.
2015-09-01 15:36:25 EDT [127585]: [3-1] user=mark,db=dbt3,app=psql,client=[local] STATEMENT:  
	ALTER TABLE orders
	ADD CONSTRAINT pk_orders PRIMARY KEY (o_orderkey) ;
2015-09-01 15:36:55 EDT [127083]: [7-1] user=,db=,app=,client= LOG:  checkpoint starting: time
2015-09-01 15:38:23 EDT [127585]: [4-1] user=mark,db=dbt3,app=psql,client=[local] LOG:  process 127585 acquired AccessExclusiveLock on relation 16493 of database 16384 after 119282.669 ms
2015-09-01 15:38:23 EDT [127585]: [5-1] user=mark,db=dbt3,app=psql,client=[local] STATEMENT:  
	ALTER TABLE orders
	ADD CONSTRAINT pk_orders PRIMARY KEY (o_orderkey) ;
2015-09-01 15:38:26 EDT [127083]: [8-1] user=,db=,app=,client= LOG:  checkpoint complete: wrote 3046 buffers (0.3%); 0 transaction log file(s) added, 0 removed, 2045 recycled; write=88.769 s, sync=0.806 s, total=91.359 s; sync files=60, longest=0.778 s, average=0.013 s; distance=18803905 kB, estimate=32028072 kB
2015-09-01 15:40:10 EDT [127583]: [4-1] user=mark,db=dbt3,app=psql,client=[local] LOG:  process 127583 acquired ShareLock on relation 16493 of database 16384 after 226563.293 ms
2015-09-01 15:40:10 EDT [127583]: [5-1] user=mark,db=dbt3,app=psql,client=[local] STATEMENT:  
	CREATE INDEX orders_o_orderdate_o_orderkey_idx
	ON orders (o_orderdate, o_orderkey);
2015-09-01 15:41:55 EDT [127083]: [9-1] user=,db=,app=,client= LOG:  checkpoint starting: time
2015-09-01 15:43:08 EDT [127083]: [10-1] user=,db=,app=,client= LOG:  checkpoint complete: wrote 1814 buffers (0.2%); 0 transaction log file(s) added, 0 removed, 1147 recycled; write=70.124 s, sync=1.021 s, total=73.379 s; sync files=33, longest=0.771 s, average=0.030 s; distance=10192244 kB, estimate=29844489 kB
2015-09-01 15:46:55 EDT [127083]: [11-1] user=,db=,app=,client= LOG:  checkpoint starting: time
2015-09-01 15:47:27 EDT [127083]: [12-1] user=,db=,app=,client= LOG:  checkpoint complete: wrote 516 buffers (0.0%); 0 transaction log file(s) added, 0 removed, 622 recycled; write=29.915 s, sync=0.459 s, total=31.597 s; sync files=24, longest=0.440 s, average=0.019 s; distance=11720690 kB, estimate=28032109 kB
2015-09-01 15:51:55 EDT [127083]: [13-1] user=,db=,app=,client= LOG:  checkpoint starting: time
2015-09-01 15:52:24 EDT [127083]: [14-1] user=,db=,app=,client= LOG:  checkpoint complete: wrote 450 buffers (0.0%); 0 transaction log file(s) added, 0 removed, 716 recycled; write=26.406 s, sync=0.573 s, total=28.332 s; sync files=15, longest=0.568 s, average=0.038 s; distance=11964959 kB, estimate=26425394 kB
2015-09-01 15:56:55 EDT [127083]: [15-1] user=,db=,app=,client= LOG:  checkpoint starting: time
2015-09-01 15:57:23 EDT [127083]: [16-1] user=,db=,app=,client= LOG:  checkpoint complete: wrote 440 buffers (0.0%); 0 transaction log file(s) added, 0 removed, 730 recycled; write=26.107 s, sync=0.718 s, total=28.210 s; sync files=15, longest=0.707 s, average=0.047 s; distance=11815742 kB, estimate=24964429 kB
2015-09-01 16:01:55 EDT [127083]: [17-1] user=,db=,app=,client= LOG:  checkpoint starting: time
2015-09-01 16:02:24 EDT [127083]: [18-1] user=,db=,app=,client= LOG:  checkpoint complete: wrote 442 buffers (0.0%); 0 transaction log file(s) added, 0 removed, 721 recycled; write=26.093 s, sync=0.770 s, total=28.229 s; sync files=15, longest=0.764 s, average=0.051 s; distance=11777557 kB, estimate=23645742 kB
2015-09-01 16:05:18 EDT [128045]: [1-1] user=mark,db=dbt3,app=psql,client=[local] LOG:  process 128045 still waiting for AccessExclusiveLock on relation 16496 of database 16384 after 1000.144 ms
2015-09-01 16:05:18 EDT [128045]: [2-1] user=mark,db=dbt3,app=psql,client=[local] DETAIL:  Processes holding the lock: 128050, 128043, 128049, 128047, 128046. Wait queue: 128045, 128048, 128044.
2015-09-01 16:05:18 EDT [128045]: [3-1] user=mark,db=dbt3,app=psql,client=[local] STATEMENT:  
	ALTER TABLE lineitem
	ADD CONSTRAINT pk_lineitem PRIMARY KEY (l_orderkey, l_linenumber) ;
2015-09-01 16:05:18 EDT [128044]: [1-1] user=mark,db=dbt3,app=psql,client=[local] LOG:  process 128044 still waiting for ShareLock on relation 16496 of database 16384 after 1000.128 ms
2015-09-01 16:05:18 EDT [128044]: [2-1] user=mark,db=dbt3,app=psql,client=[local] DETAIL:  Processes holding the lock: 128050, 128043, 128049, 128047, 128046. Wait queue: 128045, 128048, 128044.
2015-09-01 16:05:18 EDT [128044]: [3-1] user=mark,db=dbt3,app=psql,client=[local] STATEMENT:  
	CREATE INDEX lineitem_l_orderkey_idx_part2
	ON lineitem (l_orderkey)
	WHERE l_commitdate < l_receiptdate
	  AND l_shipdate < l_commitdate;
2015-09-01 16:05:18 EDT [128048]: [1-1] user=mark,db=dbt3,app=psql,client=[local] LOG:  process 128048 still waiting for ShareLock on relation 16496 of database 16384 after 1000.139 ms
2015-09-01 16:05:18 EDT [128048]: [2-1] user=mark,db=dbt3,app=psql,client=[local] DETAIL:  Processes holding the lock: 128050, 128043, 128049, 128047, 128046. Wait queue: 128045, 128048, 128044.
2015-09-01 16:05:18 EDT [128048]: [3-1] user=mark,db=dbt3,app=psql,client=[local] STATEMENT:  
	CREATE INDEX lineitem_l_orderkey_idx_l_returnflag
	ON lineitem (l_orderkey)
	WHERE l_returnflag = 'R';
2015-09-01 16:06:55 EDT [127083]: [19-1] user=,db=,app=,client= LOG:  checkpoint starting: time
2015-09-01 16:09:29 EDT [127083]: [20-1] user=,db=,app=,client= LOG:  checkpoint complete: wrote 6166 buffers (0.6%); 0 transaction log file(s) added, 0 removed, 719 recycled; write=147.816 s, sync=4.262 s, total=154.200 s; sync files=67, longest=1.172 s, average=0.063 s; distance=7813476 kB, estimate=22062515 kB
2015-09-01 16:17:40 EDT [128049]: [1-1] user=mark,db=dbt3,app=psql,client=[local] LOG:  temporary file: path "base/pgsql_tmp/pgsql_tmp128049.0", size 1073741824
2015-09-01 16:17:40 EDT [128049]: [2-1] user=mark,db=dbt3,app=psql,client=[local] STATEMENT:  
	CREATE INDEX lineitem_l_orderkey_idx_part1
	ON lineitem (l_orderkey)
	WHERE l_commitdate < l_receiptdate;
2015-09-01 16:17:40 EDT [128049]: [3-1] user=mark,db=dbt3,app=psql,client=[local] LOG:  temporary file: path "base/pgsql_tmp/pgsql_tmp128049.1", size 1073741824
2015-09-01 16:17:40 EDT [128049]: [4-1] user=mark,db=dbt3,app=psql,client=[local] STATEMENT:  
	CREATE INDEX lineitem_l_orderkey_idx_part1
	ON lineitem (l_orderkey)
	WHERE l_commitdate < l_receiptdate;
2015-09-01 16:17:40 EDT [128049]: [5-1] user=mark,db=dbt3,app=psql,client=[local] LOG:  temporary file: path "base/pgsql_tmp/pgsql_tmp128049.2", size 1073741824
2015-09-01 16:17:40 EDT [128049]: [6-1] user=mark,db=dbt3,app=psql,client=[local] STATEMENT:  
	CREATE INDEX lineitem_l_orderkey_idx_part1
	ON lineitem (l_orderkey)
	WHERE l_commitdate < l_receiptdate;
2015-09-01 16:17:41 EDT [128049]: [7-1] user=mark,db=dbt3,app=psql,client=[local] LOG:  temporary file: path "base/pgsql_tmp/pgsql_tmp128049.3", size 1073741824
2015-09-01 16:17:41 EDT [128049]: [8-1] user=mark,db=dbt3,app=psql,client=[local] STATEMENT:  
	CREATE INDEX lineitem_l_orderkey_idx_part1
	ON lineitem (l_orderkey)
	WHERE l_commitdate < l_receiptdate;
2015-09-01 16:17:41 EDT [128049]: [9-1] user=mark,db=dbt3,app=psql,client=[local] LOG:  temporary file: path "base/pgsql_tmp/pgsql_tmp128049.4", size 1073741824
2015-09-01 16:17:41 EDT [128049]: [10-1] user=mark,db=dbt3,app=psql,client=[local] STATEMENT:  
	CREATE INDEX lineitem_l_orderkey_idx_part1
	ON lineitem (l_orderkey)
	WHERE l_commitdate < l_receiptdate;
2015-09-01 16:17:41 EDT [128049]: [11-1] user=mark,db=dbt3,app=psql,client=[local] LOG:  temporary file: path "base/pgsql_tmp/pgsql_tmp128049.5", size 1073741824
2015-09-01 16:17:41 EDT [128049]: [12-1] user=mark,db=dbt3,app=psql,client=[local] STATEMENT:  
	CREATE INDEX lineitem_l_orderkey_idx_part1
	ON lineitem (l_orderkey)
	WHERE l_commitdate < l_receiptdate;
2015-09-01 16:17:41 EDT [128049]: [13-1] user=mark,db=dbt3,app=psql,client=[local] LOG:  temporary file: path "base/pgsql_tmp/pgsql_tmp128049.6", size 1073741824
2015-09-01 16:17:41 EDT [128049]: [14-1] user=mark,db=dbt3,app=psql,client=[local] STATEMENT:  
	CREATE INDEX lineitem_l_orderkey_idx_part1
	ON lineitem (l_orderkey)
	WHERE l_commitdate < l_receiptdate;
2015-09-01 16:17:41 EDT [128049]: [15-1] user=mark,db=dbt3,app=psql,client=[local] LOG:  temporary file: path "base/pgsql_tmp/pgsql_tmp128049.7", size 78348288
2015-09-01 16:17:41 EDT [128049]: [16-1] user=mark,db=dbt3,app=psql,client=[local] STATEMENT:  
	CREATE INDEX lineitem_l_orderkey_idx_part1
	ON lineitem (l_orderkey)
	WHERE l_commitdate < l_receiptdate;
2015-09-01 16:18:40 EDT [128043]: [1-1] user=mark,db=dbt3,app=psql,client=[local] LOG:  temporary file: path "base/pgsql_tmp/pgsql_tmp128043.0", size 1073741824
2015-09-01 16:18:40 EDT [128043]: [2-1] user=mark,db=dbt3,app=psql,client=[local] STATEMENT:  
	CREATE INDEX lineitem_l_orderkey_idx
	ON lineitem (l_orderkey);
2015-09-01 16:18:41 EDT [128043]: [3-1] user=mark,db=dbt3,app=psql,client=[local] LOG:  temporary file: path "base/pgsql_tmp/pgsql_tmp128043.1", size 1073741824
2015-09-01 16:18:41 EDT [128043]: [4-1] user=mark,db=dbt3,app=psql,client=[local] STATEMENT:  
	CREATE INDEX lineitem_l_orderkey_idx
	ON lineitem (l_orderkey);
2015-09-01 16:18:41 EDT [128043]: [5-1] user=mark,db=dbt3,app=psql,client=[local] LOG:  temporary file: path "base/pgsql_tmp/pgsql_tmp128043.2", size 1073741824
2015-09-01 16:18:41 EDT [128043]: [6-1] user=mark,db=dbt3,app=psql,client=[local] STATEMENT:  
	CREATE INDEX lineitem_l_orderkey_idx
	ON lineitem (l_orderkey);
2015-09-01 16:18:41 EDT [128043]: [7-1] user=mark,db=dbt3,app=psql,client=[local] LOG:  temporary file: path "base/pgsql_tmp/pgsql_tmp128043.3", size 1073741824
2015-09-01 16:18:41 EDT [128043]: [8-1] user=mark,db=dbt3,app=psql,client=[local] STATEMENT:  
	CREATE INDEX lineitem_l_orderkey_idx
	ON lineitem (l_orderkey);
2015-09-01 16:18:41 EDT [128043]: [9-1] user=mark,db=dbt3,app=psql,client=[local] LOG:  temporary file: path "base/pgsql_tmp/pgsql_tmp128043.4", size 1073741824
2015-09-01 16:18:41 EDT [128043]: [10-1] user=mark,db=dbt3,app=psql,client=[local] STATEMENT:  
	CREATE INDEX lineitem_l_orderkey_idx
	ON lineitem (l_orderkey);
2015-09-01 16:18:41 EDT [128043]: [11-1] user=mark,db=dbt3,app=psql,client=[local] LOG:  temporary file: path "base/pgsql_tmp/pgsql_tmp128043.5", size 1073741824
2015-09-01 16:18:41 EDT [128043]: [12-1] user=mark,db=dbt3,app=psql,client=[local] STATEMENT:  
	CREATE INDEX lineitem_l_orderkey_idx
	ON lineitem (l_orderkey);
2015-09-01 16:18:41 EDT [128043]: [13-1] user=mark,db=dbt3,app=psql,client=[local] LOG:  temporary file: path "base/pgsql_tmp/pgsql_tmp128043.6", size 1073741824
2015-09-01 16:18:41 EDT [128043]: [14-1] user=mark,db=dbt3,app=psql,client=[local] STATEMENT:  
	CREATE INDEX lineitem_l_orderkey_idx
	ON lineitem (l_orderkey);
2015-09-01 16:18:41 EDT [128043]: [15-1] user=mark,db=dbt3,app=psql,client=[local] LOG:  temporary file: path "base/pgsql_tmp/pgsql_tmp128043.7", size 1073741824
2015-09-01 16:18:41 EDT [128043]: [16-1] user=mark,db=dbt3,app=psql,client=[local] STATEMENT:  
	CREATE INDEX lineitem_l_orderkey_idx
	ON lineitem (l_orderkey);
2015-09-01 16:18:42 EDT [128043]: [17-1] user=mark,db=dbt3,app=psql,client=[local] LOG:  temporary file: path "base/pgsql_tmp/pgsql_tmp128043.8", size 1073741824
2015-09-01 16:18:42 EDT [128043]: [18-1] user=mark,db=dbt3,app=psql,client=[local] STATEMENT:  
	CREATE INDEX lineitem_l_orderkey_idx
	ON lineitem (l_orderkey);
2015-09-01 16:18:42 EDT [128043]: [19-1] user=mark,db=dbt3,app=psql,client=[local] LOG:  temporary file: path "base/pgsql_tmp/pgsql_tmp128043.9", size 1073741824
2015-09-01 16:18:42 EDT [128043]: [20-1] user=mark,db=dbt3,app=psql,client=[local] STATEMENT:  
	CREATE INDEX lineitem_l_orderkey_idx
	ON lineitem (l_orderkey);
2015-09-01 16:18:42 EDT [128043]: [21-1] user=mark,db=dbt3,app=psql,client=[local] LOG:  temporary file: path "base/pgsql_tmp/pgsql_tmp128043.10", size 1073741824
2015-09-01 16:18:42 EDT [128043]: [22-1] user=mark,db=dbt3,app=psql,client=[local] STATEMENT:  
	CREATE INDEX lineitem_l_orderkey_idx
	ON lineitem (l_orderkey);
2015-09-01 16:18:42 EDT [128043]: [23-1] user=mark,db=dbt3,app=psql,client=[local] LOG:  temporary file: path "base/pgsql_tmp/pgsql_tmp128043.11", size 201342976
2015-09-01 16:18:42 EDT [128043]: [24-1] user=mark,db=dbt3,app=psql,client=[local] STATEMENT:  
	CREATE INDEX lineitem_l_orderkey_idx
	ON lineitem (l_orderkey);
2015-09-01 16:19:44 EDT [128050]: [1-1] user=mark,db=dbt3,app=psql,client=[local] LOG:  temporary file: path "base/pgsql_tmp/pgsql_tmp128050.0", size 1073741824
2015-09-01 16:19:44 EDT [128050]: [2-1] user=mark,db=dbt3,app=psql,client=[local] STATEMENT:  
	CREATE INDEX lineitem_l_orderkey_l_linenumber_l_shipdate_idx
	ON lineitem (l_orderkey, l_linenumber, l_shipdate);
2015-09-01 16:19:44 EDT [128050]: [3-1] user=mark,db=dbt3,app=psql,client=[local] LOG:  temporary file: path "base/pgsql_tmp/pgsql_tmp128050.1", size 1073741824
2015-09-01 16:19:44 EDT [128050]: [4-1] user=mark,db=dbt3,app=psql,client=[local] STATEMENT:  
	CREATE INDEX lineitem_l_orderkey_l_linenumber_l_shipdate_idx
	ON lineitem (l_orderkey, l_linenumber, l_shipdate);
2015-09-01 16:19:44 EDT [128050]: [5-1] user=mark,db=dbt3,app=psql,client=[local] LOG:  temporary file: path "base/pgsql_tmp/pgsql_tmp128050.2", size 1073741824
2015-09-01 16:19:44 EDT [128050]: [6-1] user=mark,db=dbt3,app=psql,client=[local] STATEMENT:  
	CREATE INDEX lineitem_l_orderkey_l_linenumber_l_shipdate_idx
	ON lineitem (l_orderkey, l_linenumber, l_shipdate);
2015-09-01 16:19:44 EDT [128050]: [7-1] user=mark,db=dbt3,app=psql,client=[local] LOG:  temporary file: path "base/pgsql_tmp/pgsql_tmp128050.3", size 1073741824
2015-09-01 16:19:44 EDT [128050]: [8-1] user=mark,db=dbt3,app=psql,client=[local] STATEMENT:  
	CREATE INDEX lineitem_l_orderkey_l_linenumber_l_shipdate_idx
	ON lineitem (l_orderkey, l_linenumber, l_shipdate);
2015-09-01 16:19:44 EDT [128050]: [9-1] user=mark,db=dbt3,app=psql,client=[local] LOG:  temporary file: path "base/pgsql_tmp/pgsql_tmp128050.4", size 1073741824
2015-09-01 16:19:44 EDT [128050]: [10-1] user=mark,db=dbt3,app=psql,client=[local] STATEMENT:  
	CREATE INDEX lineitem_l_orderkey_l_linenumber_l_shipdate_idx
	ON lineitem (l_orderkey, l_linenumber, l_shipdate);
2015-09-01 16:19:44 EDT [128050]: [11-1] user=mark,db=dbt3,app=psql,client=[local] LOG:  temporary file: path "base/pgsql_tmp/pgsql_tmp128050.5", size 1073741824
2015-09-01 16:19:44 EDT [128050]: [12-1] user=mark,db=dbt3,app=psql,client=[local] STATEMENT:  
	CREATE INDEX lineitem_l_orderkey_l_linenumber_l_shipdate_idx
	ON lineitem (l_orderkey, l_linenumber, l_shipdate);
2015-09-01 16:19:45 EDT [128050]: [13-1] user=mark,db=dbt3,app=psql,client=[local] LOG:  temporary file: path "base/pgsql_tmp/pgsql_tmp128050.6", size 1073741824
2015-09-01 16:19:45 EDT [128050]: [14-1] user=mark,db=dbt3,app=psql,client=[local] STATEMENT:  
	CREATE INDEX lineitem_l_orderkey_l_linenumber_l_shipdate_idx
	ON lineitem (l_orderkey, l_linenumber, l_shipdate);
2015-09-01 16:19:45 EDT [128050]: [15-1] user=mark,db=dbt3,app=psql,client=[local] LOG:  temporary file: path "base/pgsql_tmp/pgsql_tmp128050.7", size 1073741824
2015-09-01 16:19:45 EDT [128050]: [16-1] user=mark,db=dbt3,app=psql,client=[local] STATEMENT:  
	CREATE INDEX lineitem_l_orderkey_l_linenumber_l_shipdate_idx
	ON lineitem (l_orderkey, l_linenumber, l_shipdate);
2015-09-01 16:19:45 EDT [128050]: [17-1] user=mark,db=dbt3,app=psql,client=[local] LOG:  temporary file: path "base/pgsql_tmp/pgsql_tmp128050.8", size 1073741824
2015-09-01 16:19:45 EDT [128050]: [18-1] user=mark,db=dbt3,app=psql,client=[local] STATEMENT:  
	CREATE INDEX lineitem_l_orderkey_l_linenumber_l_shipdate_idx
	ON lineitem (l_orderkey, l_linenumber, l_shipdate);
2015-09-01 16:19:45 EDT [128050]: [19-1] user=mark,db=dbt3,app=psql,client=[local] LOG:  temporary file: path "base/pgsql_tmp/pgsql_tmp128050.9", size 1073741824
2015-09-01 16:19:45 EDT [128050]: [20-1] user=mark,db=dbt3,app=psql,client=[local] STATEMENT:  
	CREATE INDEX lineitem_l_orderkey_l_linenumber_l_shipdate_idx
	ON lineitem (l_orderkey, l_linenumber, l_shipdate);
2015-09-01 16:19:45 EDT [128050]: [21-1] user=mark,db=dbt3,app=psql,client=[local] LOG:  temporary file: path "base/pgsql_tmp/pgsql_tmp128050.10", size 1073741824
2015-09-01 16:19:45 EDT [128050]: [22-1] user=mark,db=dbt3,app=psql,client=[local] STATEMENT:  
	CREATE INDEX lineitem_l_orderkey_l_linenumber_l_shipdate_idx
	ON lineitem (l_orderkey, l_linenumber, l_shipdate);
2015-09-01 16:19:45 EDT [128050]: [23-1] user=mark,db=dbt3,app=psql,client=[local] LOG:  temporary file: path "base/pgsql_tmp/pgsql_tmp128050.11", size 1073741824
2015-09-01 16:19:45 EDT [128050]: [24-1] user=mark,db=dbt3,app=psql,client=[local] STATEMENT:  
	CREATE INDEX lineitem_l_orderkey_l_linenumber_l_shipdate_idx
	ON lineitem (l_orderkey, l_linenumber, l_shipdate);
2015-09-01 16:19:45 EDT [128050]: [25-1] user=mark,db=dbt3,app=psql,client=[local] LOG:  temporary file: path "base/pgsql_tmp/pgsql_tmp128050.12", size 1073741824
2015-09-01 16:19:45 EDT [128050]: [26-1] user=mark,db=dbt3,app=psql,client=[local] STATEMENT:  
	CREATE INDEX lineitem_l_orderkey_l_linenumber_l_shipdate_idx
	ON lineitem (l_orderkey, l_linenumber, l_shipdate);
2015-09-01 16:19:46 EDT [128050]: [27-1] user=mark,db=dbt3,app=psql,client=[local] LOG:  temporary file: path "base/pgsql_tmp/pgsql_tmp128050.13", size 1073741824
2015-09-01 16:19:46 EDT [128050]: [28-1] user=mark,db=dbt3,app=psql,client=[local] STATEMENT:  
	CREATE INDEX lineitem_l_orderkey_l_linenumber_l_shipdate_idx
	ON lineitem (l_orderkey, l_linenumber, l_shipdate);
2015-09-01 16:19:46 EDT [128050]: [29-1] user=mark,db=dbt3,app=psql,client=[local] LOG:  temporary file: path "base/pgsql_tmp/pgsql_tmp128050.14", size 1073741824
2015-09-01 16:19:46 EDT [128050]: [30-1] user=mark,db=dbt3,app=psql,client=[local] STATEMENT:  
	CREATE INDEX lineitem_l_orderkey_l_linenumber_l_shipdate_idx
	ON lineitem (l_orderkey, l_linenumber, l_shipdate);
2015-09-01 16:19:46 EDT [128050]: [31-1] user=mark,db=dbt3,app=psql,client=[local] LOG:  temporary file: path "base/pgsql_tmp/pgsql_tmp128050.15", size 711360512
2015-09-01 16:19:46 EDT [128050]: [32-1] user=mark,db=dbt3,app=psql,client=[local] STATEMENT:  
	CREATE INDEX lineitem_l_orderkey_l_linenumber_l_shipdate_idx
	ON lineitem (l_orderkey, l_linenumber, l_shipdate);
2015-09-01 16:21:55 EDT [127083]: [21-1] user=,db=,app=,client= LOG:  checkpoint starting: time
2015-09-01 16:24:26 EDT [127083]: [22-1] user=,db=,app=,client= LOG:  checkpoint complete: wrote 2581 buffers (0.2%); 0 transaction log file(s) added, 33 removed, 444 recycled; write=149.091 s, sync=0.051 s, total=150.360 s; sync files=56, longest=0.010 s, average=0.000 s; distance=22 kB, estimate=19856266 kB
2015-09-01 16:37:57 EDT [128046]: [1-1] user=mark,db=dbt3,app=psql,client=[local] LOG:  temporary file: path "base/pgsql_tmp/pgsql_tmp128046.0", size 1073741824
2015-09-01 16:37:57 EDT [128046]: [2-1] user=mark,db=dbt3,app=psql,client=[local] STATEMENT:  
	CREATE INDEX lineitem_l_partkey_l_quantity_l_shipmode_idx
	ON lineitem (l_partkey, l_quantity, l_shipmode);
2015-09-01 16:37:57 EDT [128046]: [3-1] user=mark,db=dbt3,app=psql,client=[local] LOG:  temporary file: path "base/pgsql_tmp/pgsql_tmp128046.1", size 1073741824
2015-09-01 16:37:57 EDT [128046]: [4-1] user=mark,db=dbt3,app=psql,client=[local] STATEMENT:  
	CREATE INDEX lineitem_l_partkey_l_quantity_l_shipmode_idx
	ON lineitem (l_partkey, l_quantity, l_shipmode);
2015-09-01 16:37:57 EDT [128046]: [5-1] user=mark,db=dbt3,app=psql,client=[local] LOG:  temporary file: path "base/pgsql_tmp/pgsql_tmp128046.2", size 1073741824
2015-09-01 16:37:57 EDT [128046]: [6-1] user=mark,db=dbt3,app=psql,client=[local] STATEMENT:  
	CREATE INDEX lineitem_l_partkey_l_quantity_l_shipmode_idx
	ON lineitem (l_partkey, l_quantity, l_shipmode);
2015-09-01 16:37:57 EDT [128046]: [7-1] user=mark,db=dbt3,app=psql,client=[local] LOG:  temporary file: path "base/pgsql_tmp/pgsql_tmp128046.3", size 1073741824
2015-09-01 16:37:57 EDT [128046]: [8-1] user=mark,db=dbt3,app=psql,client=[local] STATEMENT:  
	CREATE INDEX lineitem_l_partkey_l_quantity_l_shipmode_idx
	ON lineitem (l_partkey, l_quantity, l_shipmode);
2015-09-01 16:37:57 EDT [128046]: [9-1] user=mark,db=dbt3,app=psql,client=[local] LOG:  temporary file: path "base/pgsql_tmp/pgsql_tmp128046.4", size 1073741824
2015-09-01 16:37:57 EDT [128046]: [10-1] user=mark,db=dbt3,app=psql,client=[local] STATEMENT:  
	CREATE INDEX lineitem_l_partkey_l_quantity_l_shipmode_idx
	ON lineitem (l_partkey, l_quantity, l_shipmode);
2015-09-01 16:37:58 EDT [128046]: [11-1] user=mark,db=dbt3,app=psql,client=[local] LOG:  temporary file: path "base/pgsql_tmp/pgsql_tmp128046.5", size 1073741824
2015-09-01 16:37:58 EDT [128046]: [12-1] user=mark,db=dbt3,app=psql,client=[local] STATEMENT:  
	CREATE INDEX lineitem_l_partkey_l_quantity_l_shipmode_idx
	ON lineitem (l_partkey, l_quantity, l_shipmode);
2015-09-01 16:37:58 EDT [128046]: [13-1] user=mark,db=dbt3,app=psql,client=[local] LOG:  temporary file: path "base/pgsql_tmp/pgsql_tmp128046.6", size 1073741824
2015-09-01 16:37:58 EDT [128046]: [14-1] user=mark,db=dbt3,app=psql,client=[local] STATEMENT:  
	CREATE INDEX lineitem_l_partkey_l_quantity_l_shipmode_idx
	ON lineitem (l_partkey, l_quantity, l_shipmode);
2015-09-01 16:37:58 EDT [128046]: [15-1] user=mark,db=dbt3,app=psql,client=[local] LOG:  temporary file: path "base/pgsql_tmp/pgsql_tmp128046.7", size 1073741824
2015-09-01 16:37:58 EDT [128046]: [16-1] user=mark,db=dbt3,app=psql,client=[local] STATEMENT:  
	CREATE INDEX lineitem_l_partkey_l_quantity_l_shipmode_idx
	ON lineitem (l_partkey, l_quantity, l_shipmode);
2015-09-01 16:37:58 EDT [128046]: [17-1] user=mark,db=dbt3,app=psql,client=[local] LOG:  temporary file: path "base/pgsql_tmp/pgsql_tmp128046.8", size 1073741824
2015-09-01 16:37:58 EDT [128046]: [18-1] user=mark,db=dbt3,app=psql,client=[local] STATEMENT:  
	CREATE INDEX lineitem_l_partkey_l_quantity_l_shipmode_idx
	ON lineitem (l_partkey, l_quantity, l_shipmode);
2015-09-01 16:37:58 EDT [128046]: [19-1] user=mark,db=dbt3,app=psql,client=[local] LOG:  temporary file: path "base/pgsql_tmp/pgsql_tmp128046.9", size 1073741824
2015-09-01 16:37:58 EDT [128046]: [20-1] user=mark,db=dbt3,app=psql,client=[local] STATEMENT:  
	CREATE INDEX lineitem_l_partkey_l_quantity_l_shipmode_idx
	ON lineitem (l_partkey, l_quantity, l_shipmode);
2015-09-01 16:37:58 EDT [128046]: [21-1] user=mark,db=dbt3,app=psql,client=[local] LOG:  temporary file: path "base/pgsql_tmp/pgsql_tmp128046.10", size 1073741824
2015-09-01 16:37:58 EDT [128046]: [22-1] user=mark,db=dbt3,app=psql,client=[local] STATEMENT:  
	CREATE INDEX lineitem_l_partkey_l_quantity_l_shipmode_idx
	ON lineitem (l_partkey, l_quantity, l_shipmode);
2015-09-01 16:37:58 EDT [128046]: [23-1] user=mark,db=dbt3,app=psql,client=[local] LOG:  temporary file: path "base/pgsql_tmp/pgsql_tmp128046.11", size 1073741824
2015-09-01 16:37:58 EDT [128046]: [24-1] user=mark,db=dbt3,app=psql,client=[local] STATEMENT:  
	CREATE INDEX lineitem_l_partkey_l_quantity_l_shipmode_idx
	ON lineitem (l_partkey, l_quantity, l_shipmode);
2015-09-01 16:37:59 EDT [128046]: [25-1] user=mark,db=dbt3,app=psql,client=[local] LOG:  temporary file: path "base/pgsql_tmp/pgsql_tmp128046.12", size 1073741824
2015-09-01 16:37:59 EDT [128046]: [26-1] user=mark,db=dbt3,app=psql,client=[local] STATEMENT:  
	CREATE INDEX lineitem_l_partkey_l_quantity_l_shipmode_idx
	ON lineitem (l_partkey, l_quantity, l_shipmode);
2015-09-01 16:37:59 EDT [128046]: [27-1] user=mark,db=dbt3,app=psql,client=[local] LOG:  temporary file: path "base/pgsql_tmp/pgsql_tmp128046.13", size 1073741824
2015-09-01 16:37:59 EDT [128046]: [28-1] user=mark,db=dbt3,app=psql,client=[local] STATEMENT:  
	CREATE INDEX lineitem_l_partkey_l_quantity_l_shipmode_idx
	ON lineitem (l_partkey, l_quantity, l_shipmode);
2015-09-01 16:37:59 EDT [128046]: [29-1] user=mark,db=dbt3,app=psql,client=[local] LOG:  temporary file: path "base/pgsql_tmp/pgsql_tmp128046.14", size 1073741824
2015-09-01 16:37:59 EDT [128046]: [30-1] user=mark,db=dbt3,app=psql,client=[local] STATEMENT:  
	CREATE INDEX lineitem_l_partkey_l_quantity_l_shipmode_idx
	ON lineitem (l_partkey, l_quantity, l_shipmode);
2015-09-01 16:37:59 EDT [128046]: [31-1] user=mark,db=dbt3,app=psql,client=[local] LOG:  temporary file: path "base/pgsql_tmp/pgsql_tmp128046.15", size 1073741824
2015-09-01 16:37:59 EDT [128046]: [32-1] user=mark,db=dbt3,app=psql,client=[local] STATEMENT:  
	CREATE INDEX lineitem_l_partkey_l_quantity_l_shipmode_idx
	ON lineitem (l_partkey, l_quantity, l_shipmode);
2015-09-01 16:37:59 EDT [128046]: [33-1] user=mark,db=dbt3,app=psql,client=[local] LOG:  temporary file: path "base/pgsql_tmp/pgsql_tmp128046.16", size 1073741824
2015-09-01 16:37:59 EDT [128046]: [34-1] user=mark,db=dbt3,app=psql,client=[local] STATEMENT:  
	CREATE INDEX lineitem_l_partkey_l_quantity_l_shipmode_idx
	ON lineitem (l_partkey, l_quantity, l_shipmode);
2015-09-01 16:37:59 EDT [128046]: [35-1] user=mark,db=dbt3,app=psql,client=[local] LOG:  temporary file: path "base/pgsql_tmp/pgsql_tmp128046.17", size 1073741824
2015-09-01 16:37:59 EDT [128046]: [36-1] user=mark,db=dbt3,app=psql,client=[local] STATEMENT:  
	CREATE INDEX lineitem_l_partkey_l_quantity_l_shipmode_idx
	ON lineitem (l_partkey, l_quantity, l_shipmode);
2015-09-01 16:38:00 EDT [128046]: [37-1] user=mark,db=dbt3,app=psql,client=[local] LOG:  temporary file: path "base/pgsql_tmp/pgsql_tmp128046.18", size 1073741824
2015-09-01 16:38:00 EDT [128046]: [38-1] user=mark,db=dbt3,app=psql,client=[local] STATEMENT:  
	CREATE INDEX lineitem_l_partkey_l_quantity_l_shipmode_idx
	ON lineitem (l_partkey, l_quantity, l_shipmode);
2015-09-01 16:38:00 EDT [128046]: [39-1] user=mark,db=dbt3,app=psql,client=[local] LOG:  temporary file: path "base/pgsql_tmp/pgsql_tmp128046.19", size 1073741824
2015-09-01 16:38:00 EDT [128046]: [40-1] user=mark,db=dbt3,app=psql,client=[local] STATEMENT:  
	CREATE INDEX lineitem_l_partkey_l_quantity_l_shipmode_idx
	ON lineitem (l_partkey, l_quantity, l_shipmode);
2015-09-01 16:38:00 EDT [128046]: [41-1] user=mark,db=dbt3,app=psql,client=[local] LOG:  temporary file: path "base/pgsql_tmp/pgsql_tmp128046.20", size 1073741824
2015-09-01 16:38:00 EDT [128046]: [42-1] user=mark,db=dbt3,app=psql,client=[local] STATEMENT:  
	CREATE INDEX lineitem_l_partkey_l_quantity_l_shipmode_idx
	ON lineitem (l_partkey, l_quantity, l_shipmode);
2015-09-01 16:38:00 EDT [128046]: [43-1] user=mark,db=dbt3,app=psql,client=[local] LOG:  temporary file: path "base/pgsql_tmp/pgsql_tmp128046.21", size 1073741824
2015-09-01 16:38:00 EDT [128046]: [44-1] user=mark,db=dbt3,app=psql,client=[local] STATEMENT:  
	CREATE INDEX lineitem_l_partkey_l_quantity_l_shipmode_idx
	ON lineitem (l_partkey, l_quantity, l_shipmode);
2015-09-01 16:38:00 EDT [128046]: [45-1] user=mark,db=dbt3,app=psql,client=[local] LOG:  temporary file: path "base/pgsql_tmp/pgsql_tmp128046.22", size 1073741824
2015-09-01 16:38:00 EDT [128046]: [46-1] user=mark,db=dbt3,app=psql,client=[local] STATEMENT:  
	CREATE INDEX lineitem_l_partkey_l_quantity_l_shipmode_idx
	ON lineitem (l_partkey, l_quantity, l_shipmode);
2015-09-01 16:38:01 EDT [128046]: [47-1] user=mark,db=dbt3,app=psql,client=[local] LOG:  temporary file: path "base/pgsql_tmp/pgsql_tmp128046.23", size 1073741824
2015-09-01 16:38:01 EDT [128046]: [48-1] user=mark,db=dbt3,app=psql,client=[local] STATEMENT:  
	CREATE INDEX lineitem_l_partkey_l_quantity_l_shipmode_idx
	ON lineitem (l_partkey, l_quantity, l_shipmode);
2015-09-01 16:38:01 EDT [128046]: [49-1] user=mark,db=dbt3,app=psql,client=[local] LOG:  temporary file: path "base/pgsql_tmp/pgsql_tmp128046.24", size 657629184
2015-09-01 16:38:01 EDT [128046]: [50-1] user=mark,db=dbt3,app=psql,client=[local] STATEMENT:  
	CREATE INDEX lineitem_l_partkey_l_quantity_l_shipmode_idx
	ON lineitem (l_partkey, l_quantity, l_shipmode);
2015-09-01 16:41:55 EDT [127083]: [23-1] user=,db=,app=,client= LOG:  checkpoint starting: time
2015-09-01 16:41:55 EDT [127083]: [24-1] user=,db=,app=,client= LOG:  checkpoint complete: wrote 2 buffers (0.0%); 0 transaction log file(s) added, 0 removed, 0 recycled; write=0.111 s, sync=0.001 s, total=0.115 s; sync files=2, longest=0.000 s, average=0.000 s; distance=7 kB, estimate=17870640 kB
2015-09-01 16:49:39 EDT [128047]: [1-1] user=mark,db=dbt3,app=psql,client=[local] LOG:  temporary file: path "base/pgsql_tmp/pgsql_tmp128047.0", size 1073741824
2015-09-01 16:49:39 EDT [128047]: [2-1] user=mark,db=dbt3,app=psql,client=[local] STATEMENT:  
	CREATE INDEX lineitem_l_shipdate_l_suppkey__idx
	ON lineitem (l_shipdate, l_suppkey);
2015-09-01 16:49:40 EDT [128047]: [3-1] user=mark,db=dbt3,app=psql,client=[local] LOG:  temporary file: path "base/pgsql_tmp/pgsql_tmp128047.1", size 1073741824
2015-09-01 16:49:40 EDT [128047]: [4-1] user=mark,db=dbt3,app=psql,client=[local] STATEMENT:  
	CREATE INDEX lineitem_l_shipdate_l_suppkey__idx
	ON lineitem (l_shipdate, l_suppkey);
2015-09-01 16:49:40 EDT [128047]: [5-1] user=mark,db=dbt3,app=psql,client=[local] LOG:  temporary file: path "base/pgsql_tmp/pgsql_tmp128047.2", size 1073741824
2015-09-01 16:49:40 EDT [128047]: [6-1] user=mark,db=dbt3,app=psql,client=[local] STATEMENT:  
	CREATE INDEX lineitem_l_shipdate_l_suppkey__idx
	ON lineitem (l_shipdate, l_suppkey);
2015-09-01 16:49:40 EDT [128047]: [7-1] user=mark,db=dbt3,app=psql,client=[local] LOG:  temporary file: path "base/pgsql_tmp/pgsql_tmp128047.3", size 1073741824
2015-09-01 16:49:40 EDT [128047]: [8-1] user=mark,db=dbt3,app=psql,client=[local] STATEMENT:  
	CREATE INDEX lineitem_l_shipdate_l_suppkey__idx
	ON lineitem (l_shipdate, l_suppkey);
2015-09-01 16:49:40 EDT [128047]: [9-1] user=mark,db=dbt3,app=psql,client=[local] LOG:  temporary file: path "base/pgsql_tmp/pgsql_tmp128047.4", size 1073741824
2015-09-01 16:49:40 EDT [128047]: [10-1] user=mark,db=dbt3,app=psql,client=[local] STATEMENT:  
	CREATE INDEX lineitem_l_shipdate_l_suppkey__idx
	ON lineitem (l_shipdate, l_suppkey);
2015-09-01 16:49:40 EDT [128047]: [11-1] user=mark,db=dbt3,app=psql,client=[local] LOG:  temporary file: path "base/pgsql_tmp/pgsql_tmp128047.5", size 1073741824
2015-09-01 16:49:40 EDT [128047]: [12-1] user=mark,db=dbt3,app=psql,client=[local] STATEMENT:  
	CREATE INDEX lineitem_l_shipdate_l_suppkey__idx
	ON lineitem (l_shipdate, l_suppkey);
2015-09-01 16:49:40 EDT [128047]: [13-1] user=mark,db=dbt3,app=psql,client=[local] LOG:  temporary file: path "base/pgsql_tmp/pgsql_tmp128047.6", size 1073741824
2015-09-01 16:49:40 EDT [128047]: [14-1] user=mark,db=dbt3,app=psql,client=[local] STATEMENT:  
	CREATE INDEX lineitem_l_shipdate_l_suppkey__idx
	ON lineitem (l_shipdate, l_suppkey);
2015-09-01 16:49:40 EDT [128047]: [15-1] user=mark,db=dbt3,app=psql,client=[local] LOG:  temporary file: path "base/pgsql_tmp/pgsql_tmp128047.7", size 1073741824
2015-09-01 16:49:40 EDT [128047]: [16-1] user=mark,db=dbt3,app=psql,client=[local] STATEMENT:  
	CREATE INDEX lineitem_l_shipdate_l_suppkey__idx
	ON lineitem (l_shipdate, l_suppkey);
2015-09-01 16:49:41 EDT [128047]: [17-1] user=mark,db=dbt3,app=psql,client=[local] LOG:  temporary file: path "base/pgsql_tmp/pgsql_tmp128047.8", size 1073741824
2015-09-01 16:49:41 EDT [128047]: [18-1] user=mark,db=dbt3,app=psql,client=[local] STATEMENT:  
	CREATE INDEX lineitem_l_shipdate_l_suppkey__idx
	ON lineitem (l_shipdate, l_suppkey);
2015-09-01 16:49:41 EDT [128047]: [19-1] user=mark,db=dbt3,app=psql,client=[local] LOG:  temporary file: path "base/pgsql_tmp/pgsql_tmp128047.9", size 1073741824
2015-09-01 16:49:41 EDT [128047]: [20-1] user=mark,db=dbt3,app=psql,client=[local] STATEMENT:  
	CREATE INDEX lineitem_l_shipdate_l_suppkey__idx
	ON lineitem (l_shipdate, l_suppkey);
2015-09-01 16:49:41 EDT [128047]: [21-1] user=mark,db=dbt3,app=psql,client=[local] LOG:  temporary file: path "base/pgsql_tmp/pgsql_tmp128047.10", size 1073741824
2015-09-01 16:49:41 EDT [128047]: [22-1] user=mark,db=dbt3,app=psql,client=[local] STATEMENT:  
	CREATE INDEX lineitem_l_shipdate_l_suppkey__idx
	ON lineitem (l_shipdate, l_suppkey);
2015-09-01 16:49:41 EDT [128047]: [23-1] user=mark,db=dbt3,app=psql,client=[local] LOG:  temporary file: path "base/pgsql_tmp/pgsql_tmp128047.11", size 201310208
2015-09-01 16:49:41 EDT [128047]: [24-1] user=mark,db=dbt3,app=psql,client=[local] STATEMENT:  
	CREATE INDEX lineitem_l_shipdate_l_suppkey__idx
	ON lineitem (l_shipdate, l_suppkey);
2015-09-01 16:49:42 EDT [128045]: [4-1] user=mark,db=dbt3,app=psql,client=[local] LOG:  process 128045 acquired AccessExclusiveLock on relation 16496 of database 16384 after 2665363.933 ms
2015-09-01 16:49:42 EDT [128045]: [5-1] user=mark,db=dbt3,app=psql,client=[local] STATEMENT:  
	ALTER TABLE lineitem
	ADD CONSTRAINT pk_lineitem PRIMARY KEY (l_orderkey, l_linenumber) ;
2015-09-01 16:51:55 EDT [127083]: [25-1] user=,db=,app=,client= LOG:  checkpoint starting: time
2015-09-01 16:51:57 EDT [127083]: [26-1] user=,db=,app=,client= LOG:  checkpoint complete: wrote 21 buffers (0.0%); 0 transaction log file(s) added, 0 removed, 0 recycled; write=2.016 s, sync=0.005 s, total=2.024 s; sync files=18, longest=0.000 s, average=0.000 s; distance=80 kB, estimate=16083584 kB
2015-09-01 17:02:17 EDT [128045]: [6-1] user=mark,db=dbt3,app=psql,client=[local] LOG:  temporary file: path "base/pgsql_tmp/pgsql_tmp128045.0", size 1073741824
2015-09-01 17:02:17 EDT [128045]: [7-1] user=mark,db=dbt3,app=psql,client=[local] STATEMENT:  
	ALTER TABLE lineitem
	ADD CONSTRAINT pk_lineitem PRIMARY KEY (l_orderkey, l_linenumber) ;
2015-09-01 17:02:17 EDT [128045]: [8-1] user=mark,db=dbt3,app=psql,client=[local] LOG:  temporary file: path "base/pgsql_tmp/pgsql_tmp128045.1", size 1073741824
2015-09-01 17:02:17 EDT [128045]: [9-1] user=mark,db=dbt3,app=psql,client=[local] STATEMENT:  
	ALTER TABLE lineitem
	ADD CONSTRAINT pk_lineitem PRIMARY KEY (l_orderkey, l_linenumber) ;
2015-09-01 17:02:18 EDT [128045]: [10-1] user=mark,db=dbt3,app=psql,client=[local] LOG:  temporary file: path "base/pgsql_tmp/pgsql_tmp128045.2", size 1073741824
2015-09-01 17:02:18 EDT [128045]: [11-1] user=mark,db=dbt3,app=psql,client=[local] STATEMENT:  
	ALTER TABLE lineitem
	ADD CONSTRAINT pk_lineitem PRIMARY KEY (l_orderkey, l_linenumber) ;
2015-09-01 17:02:18 EDT [128045]: [12-1] user=mark,db=dbt3,app=psql,client=[local] LOG:  temporary file: path "base/pgsql_tmp/pgsql_tmp128045.3", size 1073741824
2015-09-01 17:02:18 EDT [128045]: [13-1] user=mark,db=dbt3,app=psql,client=[local] STATEMENT:  
	ALTER TABLE lineitem
	ADD CONSTRAINT pk_lineitem PRIMARY KEY (l_orderkey, l_linenumber) ;
2015-09-01 17:02:18 EDT [128045]: [14-1] user=mark,db=dbt3,app=psql,client=[local] LOG:  temporary file: path "base/pgsql_tmp/pgsql_tmp128045.4", size 1073741824
2015-09-01 17:02:18 EDT [128045]: [15-1] user=mark,db=dbt3,app=psql,client=[local] STATEMENT:  
	ALTER TABLE lineitem
	ADD CONSTRAINT pk_lineitem PRIMARY KEY (l_orderkey, l_linenumber) ;
2015-09-01 17:02:18 EDT [128045]: [16-1] user=mark,db=dbt3,app=psql,client=[local] LOG:  temporary file: path "base/pgsql_tmp/pgsql_tmp128045.5", size 1073741824
2015-09-01 17:02:18 EDT [128045]: [17-1] user=mark,db=dbt3,app=psql,client=[local] STATEMENT:  
	ALTER TABLE lineitem
	ADD CONSTRAINT pk_lineitem PRIMARY KEY (l_orderkey, l_linenumber) ;
2015-09-01 17:02:18 EDT [128045]: [18-1] user=mark,db=dbt3,app=psql,client=[local] LOG:  temporary file: path "base/pgsql_tmp/pgsql_tmp128045.6", size 1073741824
2015-09-01 17:02:18 EDT [128045]: [19-1] user=mark,db=dbt3,app=psql,client=[local] STATEMENT:  
	ALTER TABLE lineitem
	ADD CONSTRAINT pk_lineitem PRIMARY KEY (l_orderkey, l_linenumber) ;
2015-09-01 17:02:19 EDT [128045]: [20-1] user=mark,db=dbt3,app=psql,client=[local] LOG:  temporary file: path "base/pgsql_tmp/pgsql_tmp128045.7", size 1073741824
2015-09-01 17:02:19 EDT [128045]: [21-1] user=mark,db=dbt3,app=psql,client=[local] STATEMENT:  
	ALTER TABLE lineitem
	ADD CONSTRAINT pk_lineitem PRIMARY KEY (l_orderkey, l_linenumber) ;
2015-09-01 17:02:19 EDT [128045]: [22-1] user=mark,db=dbt3,app=psql,client=[local] LOG:  temporary file: path "base/pgsql_tmp/pgsql_tmp128045.8", size 1073741824
2015-09-01 17:02:19 EDT [128045]: [23-1] user=mark,db=dbt3,app=psql,client=[local] STATEMENT:  
	ALTER TABLE lineitem
	ADD CONSTRAINT pk_lineitem PRIMARY KEY (l_orderkey, l_linenumber) ;
2015-09-01 17:02:19 EDT [128045]: [24-1] user=mark,db=dbt3,app=psql,client=[local] LOG:  temporary file: path "base/pgsql_tmp/pgsql_tmp128045.9", size 1073741824
2015-09-01 17:02:19 EDT [128045]: [25-1] user=mark,db=dbt3,app=psql,client=[local] STATEMENT:  
	ALTER TABLE lineitem
	ADD CONSTRAINT pk_lineitem PRIMARY KEY (l_orderkey, l_linenumber) ;
2015-09-01 17:02:19 EDT [128045]: [26-1] user=mark,db=dbt3,app=psql,client=[local] LOG:  temporary file: path "base/pgsql_tmp/pgsql_tmp128045.10", size 1073741824
2015-09-01 17:02:19 EDT [128045]: [27-1] user=mark,db=dbt3,app=psql,client=[local] STATEMENT:  
	ALTER TABLE lineitem
	ADD CONSTRAINT pk_lineitem PRIMARY KEY (l_orderkey, l_linenumber) ;
2015-09-01 17:02:19 EDT [128045]: [28-1] user=mark,db=dbt3,app=psql,client=[local] LOG:  temporary file: path "base/pgsql_tmp/pgsql_tmp128045.11", size 201342976
2015-09-01 17:02:19 EDT [128045]: [29-1] user=mark,db=dbt3,app=psql,client=[local] STATEMENT:  
	ALTER TABLE lineitem
	ADD CONSTRAINT pk_lineitem PRIMARY KEY (l_orderkey, l_linenumber) ;
2015-09-01 17:02:20 EDT [128044]: [4-1] user=mark,db=dbt3,app=psql,client=[local] LOG:  process 128044 acquired ShareLock on relation 16496 of database 16384 after 3423399.638 ms
2015-09-01 17:02:20 EDT [128044]: [5-1] user=mark,db=dbt3,app=psql,client=[local] STATEMENT:  
	CREATE INDEX lineitem_l_orderkey_idx_part2
	ON lineitem (l_orderkey)
	WHERE l_commitdate < l_receiptdate
	  AND l_shipdate < l_commitdate;
2015-09-01 17:02:20 EDT [128048]: [4-1] user=mark,db=dbt3,app=psql,client=[local] LOG:  process 128048 acquired ShareLock on relation 16496 of database 16384 after 3423399.675 ms
2015-09-01 17:02:20 EDT [128048]: [5-1] user=mark,db=dbt3,app=psql,client=[local] STATEMENT:  
	CREATE INDEX lineitem_l_orderkey_idx_l_returnflag
	ON lineitem (l_orderkey)
	WHERE l_returnflag = 'R';
2015-09-01 17:06:56 EDT [127083]: [27-1] user=,db=,app=,client= LOG:  checkpoint starting: time
2015-09-01 17:09:25 EDT [127083]: [28-1] user=,db=,app=,client= LOG:  checkpoint complete: wrote 10983 buffers (1.0%); 0 transaction log file(s) added, 0 removed, 0 recycled; write=148.613 s, sync=0.082 s, total=148.899 s; sync files=105, longest=0.004 s, average=0.000 s; distance=452665 kB, estimate=14520492 kB
2015-09-01 17:11:08 EDT [127081]: [2-1] user=,db=,app=,client= LOG:  received fast shutdown request
2015-09-01 17:11:08 EDT [127081]: [3-1] user=,db=,app=,client= LOG:  aborting any active transactions
2015-09-01 17:11:08 EDT [127086]: [2-1] user=,db=,app=,client= LOG:  autovacuum launcher shutting down
2015-09-01 17:11:08 EDT [127083]: [29-1] user=,db=,app=,client= LOG:  shutting down
2015-09-01 17:11:08 EDT [127083]: [30-1] user=,db=,app=,client= LOG:  checkpoint starting: shutdown immediate
2015-09-01 17:11:08 EDT [127083]: [31-1] user=,db=,app=,client= LOG:  checkpoint complete: wrote 2471 buffers (0.2%); 0 transaction log file(s) added, 27 removed, 0 recycled; write=0.027 s, sync=0.031 s, total=0.118 s; sync files=34, longest=0.015 s, average=0.000 s; distance=293426 kB, estimate=13097785 kB
2015-09-01 17:11:08 EDT [127083]: [32-1] user=,db=,app=,client= LOG:  database system is shut down
